<?xml version="1.0" encoding="UTF-8"?>
<testsuite name="cn.leithda.spring.mytest.MyTestBeanTest" tests="1" skipped="0" failures="0" errors="0" timestamp="2020-07-24T03:03:48" hostname="leithdadeMacBook-Pro.local" time="13759.858">
  <properties/>
  <testcase name="myTestBeanTest" classname="cn.leithda.spring.mytest.MyTestBeanTest" time="13759.858"/>
  <system-out><![CDATA[MyTestBean{name='leithda'}
]]></system-out>
  <system-err><![CDATA[]]></system-err>
</testsuite>
